<?xml version="1.0" encoding="UTF-8"?>
<testsuite xmlns:xsi="http://www.w3.org/2001/XMLSchema-instance" xsi:noNamespaceSchemaLocation="https://maven.apache.org/surefire/maven-surefire-plugin/xsd/surefire-test-report-3.0.xsd" version="3.0" name="swe599.AppiumTestFramework.ApiDemoTest" time="35.689" tests="2" errors="0" skipped="0" failures="2">
  <properties>
[...]
</properties>
  <testcase name="apiDemoTest" classname="swe599.AppiumTestFramework.ApiDemoTest" time="7.669">
    <failure message="Unable to create a new remote session. Please check the server log for more details. Original error: Unable to parse remote response: &lt;!DOCTYPE html&gt;&#10;&lt;html lang=&quot;en&quot;&gt;&#10;&lt;head&gt;&#10;&lt;meta charset=&quot;utf-8&quot;&gt;&#10;&lt;title&gt;Error&lt;/title&gt;&#10;&lt;/head&gt;&#10;&lt;body&gt;&#10;&lt;pre&gt;Error: EPIPE: broken pipe, write&lt;br&gt; &amp;nbsp; &amp;nbsp;at Socket._write (internal/net.js:58:25)&lt;br&gt; &amp;nbsp; &amp;nbsp;at doWrite (_stream_writable.js:431:12)&lt;br&gt; &amp;nbsp; &amp;nbsp;at writeOrBuffer (_stream_writable.js:415:5)&lt;br&gt; &amp;nbsp; &amp;nbsp;at Socket.Writable.write (_stream_writable.js:305:11)&lt;br&gt; &amp;nbsp; &amp;nbsp;at Console.log (C:\Users\Burcu\AppData\Roaming\npm\node_modules\appium\node_modules\winston\lib\winston\transports\console.js:79:23)&lt;br&gt; &amp;nbsp; &amp;nbsp;at Console._write (C:\Users\Burcu\AppData\Roaming\npm\node_modules\appium\node_modules\winston-transport\index.js:102:17)&lt;br&gt; &amp;nbsp; &amp;nbsp;at doWrite (C:\Users\Burcu\AppData\Roaming\npm\node_modules\appium\node_modules\readable-stream\lib\_stream_writable.js:428:64)&lt;br&gt; &amp;nbsp; &amp;nbsp;at writeOrBuffer (C:\Users\Burcu\AppData\Roaming\npm\node_modules\appium\node_modules\readable-stream\lib\_stream_writable.js:417:5)&lt;br&gt; &amp;nbsp; &amp;nbsp;at Console.Writable.write (C:\Users\Burcu\AppData\Roaming\npm\node_modules\appium\node_modules\readable-stream\lib\_stream_writable.js:334:11)&lt;br&gt; &amp;nbsp; &amp;nbsp;at DerivedLogger.ondata (C:\Users\Burcu\AppData\Roaming\npm\node_modules\appium\node_modules\winston\node_modules\readable-stream\lib\_stream_readable.js:681:20)&lt;br&gt; &amp;nbsp; &amp;nbsp;at DerivedLogger.emit (events.js:210:5)&lt;br&gt; &amp;nbsp; &amp;nbsp;at addChunk (C:\Users\Burcu\AppData\Roaming\npm\node_modules\appium\node_modules\winston\node_modules\readable-stream\lib\_stream_readable.js:298:12)&lt;br&gt; &amp;nbsp; &amp;nbsp;at readableAddChunk (C:\Users\Burcu\AppData\Roaming\npm\node_modules\appium\node_modules\winston\node_modules\readable-stream\lib\_stream_readable.js:280:11)&lt;br&gt; &amp;nbsp; &amp;nbsp;at DerivedLogger.Readable.push (C:\Users\Burcu\AppData\Roaming\npm\node_modules\appium\node_modules\winston\node_modules\readable-stream\lib\_stream_readable.js:241:10)&lt;br&gt; &amp;nbsp; &amp;nbsp;at DerivedLogger.Transform.push (C:\Users\Burcu\AppData\Roaming\npm\node_modules\appium\node_modules\winston\node_modules\readable-stream\lib\_stream_transform.js:139:32)&lt;br&gt; &amp;nbsp; &amp;nbsp;at DerivedLogger._transform (C:\Users\Burcu\AppData\Roaming\npm\node_modules\appium\node_modules\winston\lib\winston\logger.js:305:12)&lt;br&gt; &amp;nbsp; &amp;nbsp;at DerivedLogger.Transform._read (C:\Users\Burcu\AppData\Roaming\npm\node_modules\appium\node_modules\winston\node_modules\readable-stream\lib\_stream_transform.js:177:10)&lt;br&gt; &amp;nbsp; &amp;nbsp;at DerivedLogger.Transform._write (C:\Users\Burcu\AppData\Roaming\npm\node_modules\appium\node_modules\winston\node_modules\readable-stream\lib\_stream_transform.js:164:83)&lt;br&gt; &amp;nbsp; &amp;nbsp;at doWrite (C:\Users\Burcu\AppData\Roaming\npm\node_modules\appium\node_modules\winston\node_modules\readable-stream\lib\_stream_writable.js:409:139)&lt;br&gt; &amp;nbsp; &amp;nbsp;at writeOrBuffer (C:\Users\Burcu\AppData\Roaming\npm\node_modules\appium\node_modules\winston\node_modules\readable-stream\lib\_stream_writable.js:398:5)&lt;br&gt; &amp;nbsp; &amp;nbsp;at DerivedLogger.Writable.write (C:\Users\Burcu\AppData\Roaming\npm\node_modules\appium\node_modules\winston\node_modules\readable-stream\lib\_stream_writable.js:307:11)&lt;br&gt; &amp;nbsp; &amp;nbsp;at DerivedLogger.&amp;lt;computed&amp;gt; [as info] (C:\Users\Burcu\AppData\Roaming\npm\node_modules\appium\node_modules\winston\lib\winston\create-logger.js:81:14)&lt;/pre&gt;&#10;&lt;/body&gt;&#10;&lt;/html&gt;&#10;&#10;Build info: version: &apos;3.141.59&apos;, revision: &apos;e82be7d358&apos;, time: &apos;2018-11-14T08:17:03&apos;&#10;System info: host: &apos;DESKTOP-FPOCHHT&apos;, ip: &apos;192.168.2.31&apos;, os.name: &apos;Windows 10&apos;, os.arch: &apos;amd64&apos;, os.version: &apos;10.0&apos;, java.version: &apos;1.8.0_181&apos;&#10;Driver info: driver.version: AndroidDriver" type="org.openqa.selenium.SessionNotCreatedException"><![CDATA[org.openqa.selenium.SessionNotCreatedException: 
Unable to create a new remote session. Please check the server log for more details. Original error: Unable to parse remote response: <!DOCTYPE html>
<html lang="en">
<head>
<meta charset="utf-8">
<title>Error</title>
</head>
<body>
<pre>Error: EPIPE: broken pipe, write<br> &nbsp; &nbsp;at Socket._write (internal/net.js:58:25)<br> &nbsp; &nbsp;at doWrite (_stream_writable.js:431:12)<br> &nbsp; &nbsp;at writeOrBuffer (_stream_writable.js:415:5)<br> &nbsp; &nbsp;at Socket.Writable.write (_stream_writable.js:305:11)<br> &nbsp; &nbsp;at Console.log (C:\Users\Burcu\AppData\Roaming\npm\node_modules\appium\node_modules\winston\lib\winston\transports\console.js:79:23)<br> &nbsp; &nbsp;at Console._write (C:\Users\Burcu\AppData\Roaming\npm\node_modules\appium\node_modules\winston-transport\index.js:102:17)<br> &nbsp; &nbsp;at doWrite (C:\Users\Burcu\AppData\Roaming\npm\node_modules\appium\node_modules\readable-stream\lib\_stream_writable.js:428:64)<br> &nbsp; &nbsp;at writeOrBuffer (C:\Users\Burcu\AppData\Roaming\npm\node_modules\appium\node_modules\readable-stream\lib\_stream_writable.js:417:5)<br> &nbsp; &nbsp;at Console.Writable.write (C:\Users\Burcu\AppData\Roaming\npm\node_modules\appium\node_modules\readable-stream\lib\_stream_writable.js:334:11)<br> &nbsp; &nbsp;at DerivedLogger.ondata (C:\Users\Burcu\AppData\Roaming\npm\node_modules\appium\node_modules\winston\node_modules\readable-stream\lib\_stream_readable.js:681:20)<br> &nbsp; &nbsp;at DerivedLogger.emit (events.js:210:5)<br> &nbsp; &nbsp;at addChunk (C:\Users\Burcu\AppData\Roaming\npm\node_modules\appium\node_modules\winston\node_modules\readable-stream\lib\_stream_readable.js:298:12)<br> &nbsp; &nbsp;at readableAddChunk (C:\Users\Burcu\AppData\Roaming\npm\node_modules\appium\node_modules\winston\node_modules\readable-stream\lib\_stream_readable.js:280:11)<br> &nbsp; &nbsp;at DerivedLogger.Readable.push (C:\Users\Burcu\AppData\Roaming\npm\node_modules\appium\node_modules\winston\node_modules\readable-stream\lib\_stream_readable.js:241:10)<br> &nbsp; &nbsp;at DerivedLogger.Transform.push (C:\Users\Burcu\AppData\Roaming\npm\node_modules\appium\node_modules\winston\node_modules\readable-stream\lib\_stream_transform.js:139:32)<br> &nbsp; &nbsp;at DerivedLogger._transform (C:\Users\Burcu\AppData\Roaming\npm\node_modules\appium\node_modules\winston\lib\winston\logger.js:305:12)<br> &nbsp; &nbsp;at DerivedLogger.Transform._read (C:\Users\Burcu\AppData\Roaming\npm\node_modules\appium\node_modules\winston\node_modules\readable-stream\lib\_stream_transform.js:177:10)<br> &nbsp; &nbsp;at DerivedLogger.Transform._write (C:\Users\Burcu\AppData\Roaming\npm\node_modules\appium\node_modules\winston\node_modules\readable-stream\lib\_stream_transform.js:164:83)<br> &nbsp; &nbsp;at doWrite (C:\Users\Burcu\AppData\Roaming\npm\node_modules\appium\node_modules\winston\node_modules\readable-stream\lib\_stream_writable.js:409:139)<br> &nbsp; &nbsp;at writeOrBuffer (C:\Users\Burcu\AppData\Roaming\npm\node_modules\appium\node_modules\winston\node_modules\readable-stream\lib\_stream_writable.js:398:5)<br> &nbsp; &nbsp;at DerivedLogger.Writable.write (C:\Users\Burcu\AppData\Roaming\npm\node_modules\appium\node_modules\winston\node_modules\readable-stream\lib\_stream_writable.js:307:11)<br> &nbsp; &nbsp;at DerivedLogger.&lt;computed&gt; [as info] (C:\Users\Burcu\AppData\Roaming\npm\node_modules\appium\node_modules\winston\lib\winston\create-logger.js:81:14)</pre>
</body>
</html>

Build info: version: '3.141.59', revision: 'e82be7d358', time: '2018-11-14T08:17:03'
System info: host: 'DESKTOP-FPOCHHT', ip: '192.168.2.31', os.name: 'Windows 10', os.arch: 'amd64', os.version: '10.0', java.version: '1.8.0_181'
Driver info: driver.version: AndroidDriver
	at swe599.AppiumTestFramework.ApiDemoTest.apiDemoTest(ApiDemoTest.java:21)
Caused by: java.lang.reflect.InvocationTargetException
	at swe599.AppiumTestFramework.ApiDemoTest.apiDemoTest(ApiDemoTest.java:21)
Caused by: org.openqa.selenium.WebDriverException: 
Unable to parse remote response: <!DOCTYPE html>
<html lang="en">
<head>
<meta charset="utf-8">
<title>Error</title>
</head>
<body>
<pre>Error: EPIPE: broken pipe, write<br> &nbsp; &nbsp;at Socket._write (internal/net.js:58:25)<br> &nbsp; &nbsp;at doWrite (_stream_writable.js:431:12)<br> &nbsp; &nbsp;at writeOrBuffer (_stream_writable.js:415:5)<br> &nbsp; &nbsp;at Socket.Writable.write (_stream_writable.js:305:11)<br> &nbsp; &nbsp;at Console.log (C:\Users\Burcu\AppData\Roaming\npm\node_modules\appium\node_modules\winston\lib\winston\transports\console.js:79:23)<br> &nbsp; &nbsp;at Console._write (C:\Users\Burcu\AppData\Roaming\npm\node_modules\appium\node_modules\winston-transport\index.js:102:17)<br> &nbsp; &nbsp;at doWrite (C:\Users\Burcu\AppData\Roaming\npm\node_modules\appium\node_modules\readable-stream\lib\_stream_writable.js:428:64)<br> &nbsp; &nbsp;at writeOrBuffer (C:\Users\Burcu\AppData\Roaming\npm\node_modules\appium\node_modules\readable-stream\lib\_stream_writable.js:417:5)<br> &nbsp; &nbsp;at Console.Writable.write (C:\Users\Burcu\AppData\Roaming\npm\node_modules\appium\node_modules\readable-stream\lib\_stream_writable.js:334:11)<br> &nbsp; &nbsp;at DerivedLogger.ondata (C:\Users\Burcu\AppData\Roaming\npm\node_modules\appium\node_modules\winston\node_modules\readable-stream\lib\_stream_readable.js:681:20)<br> &nbsp; &nbsp;at DerivedLogger.emit (events.js:210:5)<br> &nbsp; &nbsp;at addChunk (C:\Users\Burcu\AppData\Roaming\npm\node_modules\appium\node_modules\winston\node_modules\readable-stream\lib\_stream_readable.js:298:12)<br> &nbsp; &nbsp;at readableAddChunk (C:\Users\Burcu\AppData\Roaming\npm\node_modules\appium\node_modules\winston\node_modules\readable-stream\lib\_stream_readable.js:280:11)<br> &nbsp; &nbsp;at DerivedLogger.Readable.push (C:\Users\Burcu\AppData\Roaming\npm\node_modules\appium\node_modules\winston\node_modules\readable-stream\lib\_stream_readable.js:241:10)<br> &nbsp; &nbsp;at DerivedLogger.Transform.push (C:\Users\Burcu\AppData\Roaming\npm\node_modules\appium\node_modules\winston\node_modules\readable-stream\lib\_stream_transform.js:139:32)<br> &nbsp; &nbsp;at DerivedLogger._transform (C:\Users\Burcu\AppData\Roaming\npm\node_modules\appium\node_modules\winston\lib\winston\logger.js:305:12)<br> &nbsp; &nbsp;at DerivedLogger.Transform._read (C:\Users\Burcu\AppData\Roaming\npm\node_modules\appium\node_modules\winston\node_modules\readable-stream\lib\_stream_transform.js:177:10)<br> &nbsp; &nbsp;at DerivedLogger.Transform._write (C:\Users\Burcu\AppData\Roaming\npm\node_modules\appium\node_modules\winston\node_modules\readable-stream\lib\_stream_transform.js:164:83)<br> &nbsp; &nbsp;at doWrite (C:\Users\Burcu\AppData\Roaming\npm\node_modules\appium\node_modules\winston\node_modules\readable-stream\lib\_stream_writable.js:409:139)<br> &nbsp; &nbsp;at writeOrBuffer (C:\Users\Burcu\AppData\Roaming\npm\node_modules\appium\node_modules\winston\node_modules\readable-stream\lib\_stream_writable.js:398:5)<br> &nbsp; &nbsp;at DerivedLogger.Writable.write (C:\Users\Burcu\AppData\Roaming\npm\node_modules\appium\node_modules\winston\node_modules\readable-stream\lib\_stream_writable.js:307:11)<br> &nbsp; &nbsp;at DerivedLogger.&lt;computed&gt; [as info] (C:\Users\Burcu\AppData\Roaming\npm\node_modules\appium\node_modules\winston\lib\winston\create-logger.js:81:14)</pre>
</body>
</html>

	at swe599.AppiumTestFramework.ApiDemoTest.apiDemoTest(ApiDemoTest.java:21)
Caused by: org.openqa.selenium.json.JsonException: 
Unable to determine type from: <. Last 1 characters read: <
Build info: version: '3.141.59', revision: 'e82be7d358', time: '2018-11-14T08:17:03'
System info: host: 'DESKTOP-FPOCHHT', ip: '192.168.2.31', os.name: 'Windows 10', os.arch: 'amd64', os.version: '10.0', java.version: '1.8.0_181'
Driver info: driver.version: AndroidDriver
	at swe599.AppiumTestFramework.ApiDemoTest.apiDemoTest(ApiDemoTest.java:21)
]]></failure>
    <system-out><![CDATA[Is emulator running : true
BurcuEmulator
Emulator started...
]]></system-out>
  </testcase>
  <testcase name="apiDemoTest" classname="swe599.AppiumTestFramework.ApiDemoTest" time="27.358">
    <failure message="Unable to create a new remote session. Please check the server log for more details. Original error: An unknown server-side error occurred while processing the command. Original error: Could not find a connected Android device in 21244ms.&#10;Build info: version: &apos;3.141.59&apos;, revision: &apos;e82be7d358&apos;, time: &apos;2018-11-14T08:17:03&apos;&#10;System info: host: &apos;DESKTOP-FPOCHHT&apos;, ip: &apos;192.168.2.31&apos;, os.name: &apos;Windows 10&apos;, os.arch: &apos;amd64&apos;, os.version: &apos;10.0&apos;, java.version: &apos;1.8.0_181&apos;&#10;Driver info: driver.version: AndroidDriver&#10;remote stacktrace: UnknownError: An unknown server-side error occurred while processing the command. Original error: Could not find a connected Android device in 21244ms.&#10;    at getResponseForW3CError (C:\Users\Burcu\AppData\Roaming\npm\node_modules\appium\node_modules\appium-base-driver\lib\protocol\errors.js:804:9)&#10;    at asyncHandler (C:\Users\Burcu\AppData\Roaming\npm\node_modules\appium\node_modules\appium-base-driver\lib\protocol\protocol.js:392:37)&#10;Build info: version: &apos;3.141.59&apos;, revision: &apos;e82be7d358&apos;, time: &apos;2018-11-14T08:17:03&apos;&#10;System info: host: &apos;DESKTOP-FPOCHHT&apos;, ip: &apos;192.168.2.31&apos;, os.name: &apos;Windows 10&apos;, os.arch: &apos;amd64&apos;, os.version: &apos;10.0&apos;, java.version: &apos;1.8.0_181&apos;&#10;Driver info: driver.version: AndroidDriver" type="org.openqa.selenium.SessionNotCreatedException">org.openqa.selenium.SessionNotCreatedException: 
Unable to create a new remote session. Please check the server log for more details. Original error: An unknown server-side error occurred while processing the command. Original error: Could not find a connected Android device in 21244ms.
Build info: version: '3.141.59', revision: 'e82be7d358', time: '2018-11-14T08:17:03'
System info: host: 'DESKTOP-FPOCHHT', ip: '192.168.2.31', os.name: 'Windows 10', os.arch: 'amd64', os.version: '10.0', java.version: '1.8.0_181'
Driver info: driver.version: AndroidDriver
remote stacktrace: UnknownError: An unknown server-side error occurred while processing the command. Original error: Could not find a connected Android device in 21244ms.
    at getResponseForW3CError (C:\Users\Burcu\AppData\Roaming\npm\node_modules\appium\node_modules\appium-base-driver\lib\protocol\errors.js:804:9)
    at asyncHandler (C:\Users\Burcu\AppData\Roaming\npm\node_modules\appium\node_modules\appium-base-driver\lib\protocol\protocol.js:392:37)
Build info: version: '3.141.59', revision: 'e82be7d358', time: '2018-11-14T08:17:03'
System info: host: 'DESKTOP-FPOCHHT', ip: '192.168.2.31', os.name: 'Windows 10', os.arch: 'amd64', os.version: '10.0', java.version: '1.8.0_181'
Driver info: driver.version: AndroidDriver
	at swe599.AppiumTestFramework.ApiDemoTest.apiDemoTest(ApiDemoTest.java:21)
Caused by: java.lang.reflect.InvocationTargetException
	at swe599.AppiumTestFramework.ApiDemoTest.apiDemoTest(ApiDemoTest.java:21)
Caused by: org.openqa.selenium.WebDriverException: 
An unknown server-side error occurred while processing the command. Original error: Could not find a connected Android device in 21244ms.
Build info: version: '3.141.59', revision: 'e82be7d358', time: '2018-11-14T08:17:03'
System info: host: 'DESKTOP-FPOCHHT', ip: '192.168.2.31', os.name: 'Windows 10', os.arch: 'amd64', os.version: '10.0', java.version: '1.8.0_181'
Driver info: driver.version: AndroidDriver
remote stacktrace: UnknownError: An unknown server-side error occurred while processing the command. Original error: Could not find a connected Android device in 21244ms.
    at getResponseForW3CError (C:\Users\Burcu\AppData\Roaming\npm\node_modules\appium\node_modules\appium-base-driver\lib\protocol\errors.js:804:9)
    at asyncHandler (C:\Users\Burcu\AppData\Roaming\npm\node_modules\appium\node_modules\appium-base-driver\lib\protocol\protocol.js:392:37)
	at swe599.AppiumTestFramework.ApiDemoTest.apiDemoTest(ApiDemoTest.java:21)
</failure>
    <system-out><![CDATA[Is emulator running : true
BurcuEmulator
Emulator started...
]]></system-out>
  </testcase>
</testsuite>