<?xml version="1.0" encoding="UTF-8"?>
<!-- Generated by org.testng.reporters.JUnitXMLReporter -->
<testsuite hostname="DESKTOP-FPOCHHT" ignored="0" name="Test" tests="2" failures="2" timestamp="2020-06-30T23:10:05 EET" time="5.514" errors="0">
  <testcase name="totalValidation" time="2.43" classname="swe599.AppiumTestFramework.Ecommerce_tc_4">
    <failure type="java.lang.NullPointerException">
      <![CDATA[java.lang.NullPointerException
at swe599.AppiumTestFramework.base.Capabilities(base.java:76)
at swe599.AppiumTestFramework.Ecommerce_tc_4.totalValidation(Ecommerce_tc_4.java:23)
at java.util.ArrayList.forEach(Unknown Source)
... Removed 27 stack frames]]>
    </failure>
  </testcase> <!-- totalValidation -->
  <testcase name="totalValidation" time="2.457" classname="swe599.AppiumTestFramework.Ecommerce_tc_4">
    <failure type="java.lang.NullPointerException">
      <![CDATA[java.lang.NullPointerException
at swe599.AppiumTestFramework.base.getScreenshot(base.java:97)
at resources.Listeners.onTestFailure(Listeners.java:31)
at java.util.ArrayList.forEach(Unknown Source)
... Removed 24 stack frames]]>
    </failure>
  </testcase> <!-- totalValidation -->
</testsuite> <!-- Test -->
